#
# There is insufficient memory for the Java Runtime Environment to continue.
# Native memory allocation (malloc) failed to allocate 1048576 bytes for AllocateHeap
# Possible reasons:
#   The system is out of physical RAM or swap space
#   The process is running with CompressedOops enabled, and the Java Heap may be blocking the growth of the native heap
# Possible solutions:
#   Reduce memory load on the system
#   Increase physical memory or swap space
#   Check if swap backing store is full
#   Decrease Java heap size (-Xmx/-Xms)
#   Decrease number of Java threads
#   Decrease Java thread stack sizes (-Xss)
#   Set larger code cache with -XX:ReservedCodeCacheSize=
#   JVM is running with Unscaled Compressed Oops mode in which the Java heap is
#     placed in the first 4GB address space. The Java Heap base address is the
#     maximum limit for the native heap growth. Please use -XX:HeapBaseMinAddress
#     to set the Java Heap base and to place the Java Heap above 4GB virtual address.
# This output file may be truncated or incomplete.
#
#  Out of Memory Error (memory/allocation.inline.hpp:61), pid=15608, tid=0x0000000000004ec8
#
# JRE version:  (8.0_211-b12) (build )
# Java VM: Java HotSpot(TM) 64-Bit Server VM (25.211-b12 mixed mode windows-amd64 compressed oops)
# Failed to write core dump. Minidumps are not enabled by default on client versions of Windows
#

---------------  T H R E A D  ---------------

Current thread (0x0000000002cae000):  JavaThread "Unknown thread" [_thread_in_vm, id=20168, stack(0x0000000002ab0000,0x0000000002bb0000)]

Stack: [0x0000000002ab0000,0x0000000002bb0000]
[error occurred during error reporting (printing stack bounds), id 0xc0000005]

Native frames: (J=compiled Java code, j=interpreted, Vv=VM code, C=native code)


---------------  P R O C E S S  ---------------

Java Threads: ( => current thread )

Other Threads:

=>0x0000000002cae000 (exited) JavaThread "Unknown thread" [_thread_in_vm, id=20168, stack(0x0000000002ab0000,0x0000000002bb0000)]

VM state:not at safepoint (normal execution)

VM Mutex/Monitor currently owned by a thread: None

heap address: 0x0000000082200000, size: 2014 MB, Compressed Oops mode: 32-bit
Narrow klass base: 0x0000000000000000, Narrow klass shift: 3
Compressed class space size: 1073741824 Address: 0x0000000100000000

Heap:
 PSYoungGen      total 37888K, used 655K [0x00000000d6100000, 0x00000000d8b00000, 0x0000000100000000)
  eden space 32768K, 2% used [0x00000000d6100000,0x00000000d61a3d80,0x00000000d8100000)
  from space 5120K, 0% used [0x00000000d8600000,0x00000000d8600000,0x00000000d8b00000)
  to   space 5120K, 0% used [0x00000000d8100000,0x00000000d8100000,0x00000000d8600000)
 ParOldGen       total 86016K, used 0K [0x0000000082200000, 0x0000000087600000, 0x00000000d6100000)
  object space 86016K, 0% used [0x0000000082200000,0x0000000082200000,0x0000000087600000)
 Metaspace       used 751K, capacity 4480K, committed 4480K, reserved 1056768K
  class space    used 76K, capacity 384K, committed 384K, reserved 1048576K

Card table byte_map: [0x0000000012170000,0x0000000012560000] byte_map_base: 0x0000000011d5f000

Marking Bits: (ParMarkBitMap*) 0x00000000594b5ce0
 Begin Bits: [0x0000000013000000, 0x0000000014f78000)
 End Bits:   [0x0000000014f78000, 0x0000000016ef0000)

Polling page: 0x0000000000a60000

CodeCache: size=245760Kb used=328Kb max_used=328Kb free=245431Kb
 bounds [0x0000000002db0000, 0x0000000003020000, 0x0000000011db0000]
 total_blobs=58 nmethods=0 adapters=38
 compilation: enabled

Compilation events (0 events):
No events

GC Heap History (0 events):
No events

Deoptimization events (0 events):
No events

Classes redefined (0 events):
No events

Internal exceptions (0 events):
No events

Events (10 events):
Event: 0.027 loading class java/lang/Short
Event: 0.027 loading class java/lang/Short done
Event: 0.027 loading class java/lang/Integer
Event: 0.027 loading class java/lang/Integer done
Event: 0.027 loading class java/lang/Long
Event: 0.027 loading class java/lang/Long done
Event: 0.028 loading class java/lang/NullPointerException
Event: 0.028 loading class java/lang/NullPointerException done
Event: 0.028 loading class java/lang/ArithmeticException
Event: 0.028 loading class java/lang/ArithmeticException done


Dynamic libraries:
0x00007ff70c5f0000 - 0x00007ff70c627000 	C:\Program Files\Java\jre1.8.0_211\bin\javaw.exe
0x00007ff958f80000 - 0x00007ff95916d000 	C:\Windows\SYSTEM32\ntdll.dll
0x00007ff956dc0000 - 0x00007ff956e73000 	C:\Windows\System32\KERNEL32.DLL
0x00007ff9555c0000 - 0x00007ff955853000 	C:\Windows\System32\KERNELBASE.dll
0x00007ff956670000 - 0x00007ff956713000 	C:\Windows\System32\ADVAPI32.dll
0x00007ff9587d0000 - 0x00007ff95886e000 	C:\Windows\System32\msvcrt.dll
0x00007ff9563c0000 - 0x00007ff95645e000 	C:\Windows\System32\sechost.dll
0x00007ff956460000 - 0x00007ff956582000 	C:\Windows\System32\RPCRT4.dll
0x00007ff956b00000 - 0x00007ff956c97000 	C:\Windows\System32\USER32.dll
0x00007ff955380000 - 0x00007ff9553a0000 	C:\Windows\System32\win32u.dll
0x00007ff958870000 - 0x00007ff958899000 	C:\Windows\System32\GDI32.dll
0x00007ff9553a0000 - 0x00007ff95553a000 	C:\Windows\System32\gdi32full.dll
0x00007ff955fb0000 - 0x00007ff956050000 	C:\Windows\System32\msvcp_win.dll
0x00007ff9550a0000 - 0x00007ff95519a000 	C:\Windows\System32\ucrtbase.dll
0x00007ff940f60000 - 0x00007ff9411d9000 	C:\Windows\WinSxS\amd64_microsoft.windows.common-controls_6595b64144ccf1df_6.0.17763.503_none_05b23ef40721f4ae\COMCTL32.dll
0x00007ff956f30000 - 0x00007ff95725c000 	C:\Windows\System32\combase.dll
0x00007ff955540000 - 0x00007ff9555be000 	C:\Windows\System32\bcryptPrimitives.dll
0x00007ff956970000 - 0x00007ff95699e000 	C:\Windows\System32\IMM32.DLL
0x0000000058ad0000 - 0x0000000058ba2000 	C:\Program Files\Java\jre1.8.0_211\bin\msvcr100.dll
0x0000000058c90000 - 0x0000000059535000 	C:\Program Files\Java\jre1.8.0_211\bin\server\jvm.dll
0x00007ff956960000 - 0x00007ff956968000 	C:\Windows\System32\PSAPI.DLL
0x00007ff9418c0000 - 0x00007ff9418c9000 	C:\Windows\SYSTEM32\WSOCK32.dll
0x00007ff94e810000 - 0x00007ff94e834000 	C:\Windows\SYSTEM32\WINMM.dll
0x00007ff94b020000 - 0x00007ff94b02a000 	C:\Windows\SYSTEM32\VERSION.dll
0x00007ff956720000 - 0x00007ff95678d000 	C:\Windows\System32\WS2_32.dll
0x00007ff94e7c0000 - 0x00007ff94e7ed000 	C:\Windows\SYSTEM32\winmmbase.dll
0x00007ff955050000 - 0x00007ff95509a000 	C:\Windows\System32\cfgmgr32.dll
0x00007ff94f0c0000 - 0x00007ff94f0cf000 	C:\Program Files\Java\jre1.8.0_211\bin\verify.dll
0x00007ff941b70000 - 0x00007ff941b99000 	C:\Program Files\Java\jre1.8.0_211\bin\java.dll
0x00007ff9460e0000 - 0x00007ff9460f6000 	C:\Program Files\Java\jre1.8.0_211\bin\zip.dll

VM Arguments:
jvm_args: -Dfile.encoding=MS949 
java_command: main.Main
java_class_path (initial): C:\Users\plays\eclipse-workspace\LMS\bin
Launcher Type: SUN_STANDARD

Environment Variables:
PATH=C:/Program Files/Java/jre1.8.0_211/bin/server;C:/Program Files/Java/jre1.8.0_211/bin;C:/Program Files/Java/jre1.8.0_211/lib/amd64;C:\Program Files (x86)\Common Files\Oracle\Java\javapath;C:\Windows\system32;C:\Windows;C:\Windows\System32\Wbem;C:\Windows\System32\WindowsPowerShell\v1.0\;C:\Windows\System32\OpenSSH\;C:\Program Files\Intel\WiFi\bin\;C:\Program Files\Common Files\Intel\WirelessCommon\;C:\Program Files (x86)\Visual Leak Detector\bin\Win32;C:\Program Files (x86)\Visual Leak Detector\bin\Win64;C:\Users\plays\AppData\Local\Programs\Python\Python36\Scripts\;C:\Users\plays\AppData\Local\Programs\Python\Python36\;C:\Users\plays\AppData\Local\Microsoft\WindowsApps;;C:\Users\plays\AppData\Local\Programs\Microsoft VS Code\bin;C:\Program Files\JetBrains\PyCharm Community Edition 2018.3.4\bin;;C:\Program Files\JetBrains\IntelliJ IDEA Community Edition 2018.3.5\bin;;C:\Program Files (x86)\ESTsoft\ALSee\x64;C:\Windows\System32;
USERNAME=plays
OS=Windows_NT
PROCESSOR_IDENTIFIER=Intel64 Family 6 Model 142 Stepping 10, GenuineIntel



---------------  S Y S T E M  ---------------

OS: Windows 10.0 , 64 bit Build 17763 (10.0.17763.475)

CPU:total 8 (initial active 8) (4 cores per cpu, 2 threads per core) family 6 model 142 stepping 10, cmov, cx8, fxsr, mmx, sse, sse2, sse3, ssse3, sse4.1, sse4.2, popcnt, avx, avx2, aes, clmul, erms, 3dnowpref, lzcnt, ht, tsc, tscinvbit, bmi1, bmi2, adx

Memory: 4k page, physical 8242336k(743104k free), swap 33408160k(5756k free)

vm_info: Java HotSpot(TM) 64-Bit Server VM (25.211-b12) for windows-amd64 JRE (1.8.0_211-b12), built on Apr  1 2019 20:53:26 by "java_re" with MS VC++ 10.0 (VS2010)

time: Sat Jun 08 22:22:19 2019
timezone: 대한민국 표준시
elapsed time: 0 seconds (0d 0h 0m 0s)

